<?xml version="1.0" encoding="UTF-8"?>
<!-- Generated by org.testng.reporters.JUnitXMLReporter -->
<testsuite hostname="useer-PC" ignored="0" name="test1" tests="28" failures="3" timestamp="09 二月 2020 13:26:11 GMT" time="98.984" errors="0">
  <testcase name="f" time="19.066" classname="com.testing.testng.dataDriven"/>
  <testcase name="f" time="1.201" classname="com.testing.testng.dataDriven"/>
  <testcase name="f" time="0.552" classname="com.testing.testng.dataDriven"/>
  <testcase name="f" time="0.294" classname="com.testing.testng.dataDriven"/>
  <testcase name="f" time="0.191" classname="com.testing.testng.dataDriven"/>
  <testcase name="f" time="1.498" classname="com.testing.testng.dataDriven"/>
  <testcase name="f" time="0.633" classname="com.testing.testng.dataDriven"/>
  <testcase name="f" time="0.112" classname="com.testing.testng.dataDriven"/>
  <testcase name="f" time="0.245" classname="com.testing.testng.dataDriven"/>
  <testcase name="f" time="1.85" classname="com.testing.testng.dataDriven"/>
  <testcase name="f" time="0.35" classname="com.testing.testng.dataDriven"/>
  <testcase name="f" time="1.007" classname="com.testing.testng.dataDriven"/>
  <testcase name="f" time="0.273" classname="com.testing.testng.dataDriven"/>
  <testcase name="f" time="1.008" classname="com.testing.testng.dataDriven"/>
  <testcase name="f" time="0.172" classname="com.testing.testng.dataDriven"/>
  <testcase name="f" time="0.279" classname="com.testing.testng.dataDriven"/>
  <testcase name="f" time="0.303" classname="com.testing.testng.dataDriven"/>
  <testcase name="f" time="0.355" classname="com.testing.testng.dataDriven"/>
  <testcase name="f" time="0.396" classname="com.testing.testng.dataDriven"/>
  <testcase name="f" time="0.609" classname="com.testing.testng.dataDriven"/>
  <testcase name="f" time="24.244" classname="com.testing.testng.dataDriven"/>
  <testcase name="f" time="7.333" classname="com.testing.testng.dataDriven"/>
  <testcase name="f" time="1.39" classname="com.testing.testng.dataDriven"/>
  <testcase name="f" time="11.37" classname="com.testing.testng.dataDriven">
    <failure type="java.lang.AssertionError" message="expected [pass] but found [fail]">
      <![CDATA[java.lang.AssertionError: expected [pass] but found [fail]
at com.testing.testng.dataDriven.f(dataDriven.java:42)
... Removed 34 stack frames]]>
    </failure>
  </testcase> <!-- f -->
  <testcase name="f" time="0.66" classname="com.testing.testng.dataDriven"/>
  <testcase name="f" time="11.044" classname="com.testing.testng.dataDriven">
    <failure type="java.lang.AssertionError" message="expected [pass] but found [fail]">
      <![CDATA[java.lang.AssertionError: expected [pass] but found [fail]
at com.testing.testng.dataDriven.f(dataDriven.java:42)
... Removed 34 stack frames]]>
    </failure>
  </testcase> <!-- f -->
  <testcase name="f" time="11.155" classname="com.testing.testng.dataDriven">
    <failure type="java.lang.AssertionError" message="expected [pass] but found [fail]">
      <![CDATA[java.lang.AssertionError: expected [pass] but found [fail]
at com.testing.testng.dataDriven.f(dataDriven.java:42)
... Removed 34 stack frames]]>
    </failure>
  </testcase> <!-- f -->
  <testcase name="f" time="0.668" classname="com.testing.testng.dataDriven"/>
</testsuite> <!-- test1 -->
